build/app/outputs/mapping/release/seeds.txt
com.haba.onlaw.onlaw.MainActivity
com.haba.onlaw.onlaw.MainActivity: MainActivity()
...
androidx.savedstate.SavedStateRegistry$1
org.threeten.bp.format.DateTimeFormatterBuilder$SettingsParser: org.threeten.bp.format.DateTimeFormatterBuilder$SettingsParser valueOf(java.lang.String)
org.threeten.bp.chrono.Ser
com.dexterous.flutterlocalnotifications.FlutterLocalNotificationsPlugin: io.flutter.plugin.common.MethodChannel channel
io.flutter.embedding.engine.FlutterJNI: void nativeInit(android.content.Context,java.lang.String[],java.lang.String,java.lang.String,java.lang.String,long)
com.dexterous.flutterlocalnotifications.models.SoundSource: SoundSource(java.lang.String,int)
androidx.core.graphics.drawable.IconCompat: IconCompat()
io.flutter.embedding.engine.systemchannels.TextInputChannel$TextCapitalization: io.flutter.embedding.engine.systemchannels.TextInputChannel$TextCapitalization valueOf(java.lang.String)
io.flutter.embedding.engine.mutatorsstack.FlutterMutatorView
io.flutter.embedding.engine.FlutterJNI: void removeIsDisplayingFlutterUiListener(io.flutter.embedding.engine.renderer.FlutterUiDisplayListener)
com.dexterous.flutterlocalnotifications.models.NotificationDetails: com.dexterous.flutterlocalnotifications.models.SoundSource soundSource
io.flutter.embedding.engine.FlutterJNI: void dispatchEmptyPlatformMessage(java.lang.String,int)
com.dexterous.flutterlocalnotifications.FlutterLocalNotificationsPlugin: com.google.gson.Gson gson
io.flutter.embedding.engine.FlutterJNI: void requestDartDeferredLibrary(int)
com.dexterous.flutterlocalnotifications.models.NotificationChannelDetails: java.lang.String LED_COLOR_RED
io.flutter.embedding.engine.FlutterJNI: void deferredComponentInstallFailure(int,java.lang.String,boolean)
org.threeten.bp.ZoneOffset: java.lang.Object readResolve()
org.threeten.bp.chrono.HijrahChronology: java.lang.Object readResolve()
io.flutter.embedding.android.FlutterView$ZeroSides: io.flutter.embedding.android.FlutterView$ZeroSides[] values()
com.dexterous.flutterlocalnotifications.models.PersonDetails: PersonDetails(java.lang.Boolean,java.lang.Object,com.dexterous.flutterlocalnotifications.models.IconSource,java.lang.Boolean,java.lang.String,java.lang.String,java.lang.String)
org.threeten.bp.DayOfWeek: org.threeten.bp.DayOfWeek[] values()
com.dexterous.flutterlocalnotifications.models.styles.BigPictureStyleInformation
android.support.v4.media.session.MediaSessionCompat$QueueItem
io.flutter.embedding.engine.FlutterJNI: void nativeLoadDartDeferredLibrary(long,int,java.lang.String[])
io.flutter.embedding.engine.FlutterJNI: void setAccessibilityDelegate(io.flutter.embedding.engine.FlutterJNI$AccessibilityDelegate)
io.flutter.view.AccessibilityBridge$TextDirection: io.flutter.view.AccessibilityBridge$TextDirection[] values()
com.dexterous.flutterlocalnotifications.utils.BooleanUtils: boolean getValue(java.lang.Boolean)
com.dexterous.flutterlocalnotifications.models.BitmapSource: BitmapSource(java.lang.String,int)
com.dexterous.flutterlocalnotifications.models.NotificationDetails: java.lang.String TIME_ZONE_NAME
io.flutter.plugin.editing.ImeSyncDeferringInsetsCallback: boolean animating
io.flutter.view.AccessibilityBridge$Flag: io.flutter.view.AccessibilityBridge$Flag[] values()
io.flutter.plugin.editing.ImeSyncDeferringInsetsCallback: android.view.View access$600(io.flutter.plugin.editing.ImeSyncDeferringInsetsCallback)
com.dexterous.flutterlocalnotifications.models.NotificationDetails: java.lang.String BIG_PICTURE
com.dexterous.flutterlocalnotifications.FlutterLocalNotificationsPlugin: void setLights(com.dexterous.flutterlocalnotifications.models.NotificationDetails,androidx.core.app.NotificationCompat$Builder)
io.flutter.plugin.editing.ImeSyncDeferringInsetsCallback: int access$500(io.flutter.plugin.editing.ImeSyncDeferringInsetsCallback)
com.dexterous.flutterlocalnotifications.FlutterLocalNotificationsPlugin: void pendingNotificationRequests(io.flutter.plugin.common.MethodChannel$Result)
io.flutter.view.AccessibilityViewEmbedder: boolean performAction(int,int,android.os.Bundle)