build/app/outputs/mapping/release/usage.txt
com.haba.onlaw.onlaw.R$integer
com.haba.onlaw.onlaw.R$layout
com.haba.onlaw.onlaw.R$xml
com.haba.onlaw.onlaw.R$styleable
com.haba.onlaw.onlaw.R
com.haba.onlaw.onlaw.BuildConfig
com.haba.onlaw.onlaw.R$string
com.haba.onlaw.onlaw.R$drawable
com.haba.onlaw.onlaw.R$style
com.haba.onlaw.onlaw.R$dimen
com.haba.onlaw.onlaw.R$color
com.haba.onlaw.onlaw.R$id
com.haba.onlaw.onlaw.R$mipmap
com.haba.onlaw.onlaw.R$attr
...
com.google.common.base.CaseFormat$5
androidx.core.text.HtmlCompat
androidx.core.view.accessibility.AccessibilityRecordCompat
androidx.slidingpanelayout.widget.SlidingPaneLayout
kotlin.text.StringsKt___StringsKt$asIterable$$inlined$Iterable$1
androidx.versionedparcelable.VersionedParcelStream$FieldBuffer
com.google.common.collect.HashBasedTable
com.google.common.primitives.ImmutableIntArray$Builder
com.google.common.graph.NetworkBuilder
com.google.common.collect.Synchronized$SynchronizedAsMapValues
com.google.common.util.concurrent.FakeTimeLimiter
kotlin.coroutines.jvm.internal.RunSuspendKt
androidx.core.provider.FontsContractCompat$4$4
kotlin.comparisons.ComparisonsKt__ComparisonsKt$nullsLast$1
com.google.common.util.concurrent.AggregateFuture$RunningState
com.google.common.collect.ImmutableRangeMap$2
com.google.common.collect.Lists$ReverseList
com.google.common.collect.AbstractBiMap$KeySet
kotlin.text.StringsKt___StringsKt$windowed$1
com.google.common.collect.Table$Cell
org.threeten.bp.jdk8.DefaultInterfaceTemporal:
    public org.threeten.bp.temporal.Temporal minus(org.threeten.bp.temporal.TemporalAmount)
com.google.common.math.package-info
com.google.gson.internal.bind.TreeTypeAdapter$SingleTypeFactory
com.google.common.collect.Iterators$6
com.google.common.util.concurrent.Runnables$1
kotlin.jvm.functions.Function22
com.google.common.io.MultiInputStream
kotlin.coroutines.experimental.intrinsics.IntrinsicsKt__IntrinsicsJvmKt$createCoroutineUnchecked$$inlined$buildContinuationByInvokeCall$IntrinsicsKt__IntrinsicsJvmKt$1
androidx.annotation.FloatRange
androidx.swiperefreshlayout.R$color
com.mr.flutter.plugin.filepicker.R$string
kotlin.jvm.internal.FunctionBase
androidx.core.view.ViewPropertyAnimatorCompat
com.google.common.graph.AbstractDirectedNetworkConnections
com.google.common.collect.MutableClassToInstanceMap$2$1
androidx.core.content.res.ComplexColorCompat
com.google.common.collect.CompactHashMap$2
org.threeten.bp.chrono.ChronoPeriodImpl
com.google.common.io.ByteSource$SlicedByteSource
android.support.v4.media.MediaBrowserCompat$ItemReceiver:
    void <init>(java.lang.String,android.support.v4.media.MediaBrowserCompat$ItemCallback,android.os.Handler)
androidx.fragment.app.FragmentTabHost
com.google.common.util.concurrent.Partially
javax.annotation.ParametersAreNullableByDefault
com.google.common.collect.SortedMultisets$ElementSet
kotlin.jvm.internal.Ref$FloatRef
android.support.v4.os.IResultReceiver$Default
io.flutter.embedding.engine.renderer.FlutterRenderer:
    public android.graphics.Bitmap getBitmap()
    public void setAccessibilityFeatures(int)
    public void dispatchSemanticsAction(int,int,java.nio.ByteBuffer,int)
    private static final java.lang.String TAG
com.google.common.reflect.TypeToken$TypeCollector$2
com.google.common.collect.FilteredSetMultimap
kotlin.text.MatchResult
com.google.common.collect.Maps$FilteredEntryBiMap$1
androidx.viewpager.widget.ViewPager$ViewPositionComparator
com.google.common.collect.Collections2$PermutationCollection
com.google.common.collect.FilteredKeyMultimap$AddRejectingSet
kotlin.ranges.ULongRange$Companion
kotlin.sequences.GeneratorSequence
kotlin.sequences.SequencesKt__SequenceBuilderKt$sequence$$inlined$Sequence$1
androidx.customview.widget.ExploreByTouchHelper
androidx.annotation.CheckResult
io.flutter.embedding.engine.systemchannels.PlatformChannel:
    private static final java.lang.String TAG
io.flutter.embedding.engine.systemchannels.PlatformViewsChannel:
    private static final java.lang.String TAG
kotlin.Suppress
com.google.common.collect.Multisets$FilteredMultiset$1
androidx.core.graphics.drawable.WrappedDrawableApi21
kotlin.collections.GroupingKt
kotlin.internal.RequireKotlin